[debug] [2020-10-29T18:36:35.952Z] ----------------------------------------------------------------------
[debug] [2020-10-29T18:36:35.953Z] Command:       /usr/local/bin/node /usr/local/bin/firebase functions:shell
[debug] [2020-10-29T18:36:35.954Z] CLI Version:   8.7.0
[debug] [2020-10-29T18:36:35.954Z] Platform:      darwin
[debug] [2020-10-29T18:36:35.954Z] Node Version:  v12.18.2
[debug] [2020-10-29T18:36:35.959Z] Time:          Thu Oct 29 2020 11:36:35 GMT-0700 (Pacific Daylight Time)
[debug] [2020-10-29T18:36:35.959Z] ----------------------------------------------------------------------
[debug] [2020-10-29T18:36:35.959Z] 
[debug] [2020-10-29T18:36:35.973Z] > command requires scopes: ["email","openid","https://www.googleapis.com/auth/cloudplatformprojects.readonly","https://www.googleapis.com/auth/firebase","https://www.googleapis.com/auth/cloud-platform"]
[debug] [2020-10-29T18:36:35.974Z] > authorizing via signed-in user
[debug] [2020-10-29T18:36:35.974Z] [iam] checking project just-for-java for permissions ["firebase.projects.get"]
[debug] [2020-10-29T18:36:35.975Z] > refreshing access token with scopes: ["email","https://www.googleapis.com/auth/cloud-platform","https://www.googleapis.com/auth/cloudplatformprojects.readonly","https://www.googleapis.com/auth/firebase","openid"]
[debug] [2020-10-29T18:36:35.976Z] >>> HTTP REQUEST POST https://www.googleapis.com/oauth2/v3/token  
 <request body omitted>
[debug] [2020-10-29T18:36:36.174Z] <<< HTTP RESPONSE 200 {"expires":"Mon, 01 Jan 1990 00:00:00 GMT","cache-control":"no-cache, no-store, max-age=0, must-revalidate","pragma":"no-cache","date":"Thu, 29 Oct 2020 18:36:36 GMT","content-type":"application/json; charset=utf-8","vary":"X-Origin, Referer, Origin,Accept-Encoding","server":"scaffolding on HTTPServer2","x-xss-protection":"0","x-frame-options":"SAMEORIGIN","x-content-type-options":"nosniff","alt-svc":"h3-Q050=\":443\"; ma=2592000,h3-29=\":443\"; ma=2592000,h3-T051=\":443\"; ma=2592000,h3-T050=\":443\"; ma=2592000,h3-Q046=\":443\"; ma=2592000,h3-Q043=\":443\"; ma=2592000,quic=\":443\"; ma=2592000; v=\"46,43\"","accept-ranges":"none","transfer-encoding":"chunked"}
[debug] [2020-10-29T18:36:36.188Z] >>> HTTP REQUEST POST https://cloudresourcemanager.googleapis.com/v1/projects/just-for-java:testIamPermissions  
 {"permissions":["firebase.projects.get"]}
[debug] [2020-10-29T18:36:36.509Z] <<< HTTP RESPONSE 200 {"content-type":"application/json; charset=UTF-8","vary":"X-Origin, Referer, Origin,Accept-Encoding","date":"Thu, 29 Oct 2020 18:36:36 GMT","server":"ESF","cache-control":"private","x-xss-protection":"0","x-frame-options":"SAMEORIGIN","x-content-type-options":"nosniff","server-timing":"gfet4t7; dur=160","alt-svc":"h3-Q050=\":443\"; ma=2592000,h3-29=\":443\"; ma=2592000,h3-T051=\":443\"; ma=2592000,h3-T050=\":443\"; ma=2592000,h3-Q046=\":443\"; ma=2592000,h3-Q043=\":443\"; ma=2592000,quic=\":443\"; ma=2592000; v=\"46,43\"","accept-ranges":"none","transfer-encoding":"chunked"}
[warn] ⚠  Your requested "node" version "10" doesn't match your global version "12" {"metadata":{"emulator":{"name":"functions"},"message":"Your requested \"node\" version \"10\" doesn't match your global version \"12\""}}
[debug] [2020-10-29T18:36:36.540Z] [functions] Watching "/Users/irithkatiyar/Desktop/just-for-java-server/functions" for Cloud Functions...
[debug] [2020-10-29T18:36:36.552Z] DEBUG: [worker-pool] addWorker(~diagnostic~)
[debug] [2020-10-29T18:36:36.552Z] DEBUG: [worker-pool] Adding worker with key ~diagnostic~, total=1
[debug] [2020-10-29T18:36:36.552Z] DEBUG: [worker-pool] submitWork(triggerId=)
[debug] [2020-10-29T18:36:36.552Z] DEBUG: [worker-~diagnostic~-bdc742fb-7543-4b6f-aacc-cdc3278f6e53]: Assigning socketPath: /var/folders/3d/5l7bvpys31zchlcdzwxq0b2w0000gn/T/fire_emu_2831.sock
[debug] [2020-10-29T18:36:36.553Z] DEBUG: [worker-~diagnostic~-bdc742fb-7543-4b6f-aacc-cdc3278f6e53]: BUSY
[debug] [2020-10-29T18:36:36.907Z] DEBUG: [runtime-status] [2831] Functions runtime initialized. {"cwd":"/Users/irithkatiyar/Desktop/just-for-java-server/functions","node_version":"12.18.2"}
[debug] [2020-10-29T18:36:36.908Z] DEBUG: [runtime-status] [2831] Disabled runtime features: undefined
[debug] [2020-10-29T18:36:36.916Z] DEBUG: [runtime-status] [2831] Resolved module firebase-admin {"declared":true,"installed":true,"version":"8.13.0","resolution":"/Users/irithkatiyar/Desktop/just-for-java-server/functions/node_modules/firebase-admin/lib/index.js"}
[debug] [2020-10-29T18:36:36.917Z] DEBUG: [runtime-status] [2831] Resolved module firebase-functions {"declared":true,"installed":true,"version":"3.9.1","resolution":"/Users/irithkatiyar/Desktop/just-for-java-server/functions/node_modules/firebase-functions/lib/index.js"}
[debug] [2020-10-29T18:36:36.918Z] DEBUG: [runtime-status] [2831] Resolved module firebase-functions {"declared":true,"installed":true,"version":"3.9.1","resolution":"/Users/irithkatiyar/Desktop/just-for-java-server/functions/node_modules/firebase-functions/lib/index.js"}
[debug] [2020-10-29T18:36:36.920Z] DEBUG: [runtime-status] [2831] Outgoing network have been stubbed. [{"name":"http","status":"mocked"},{"name":"http","status":"mocked"},{"name":"https","status":"mocked"},{"name":"https","status":"mocked"},{"name":"net","status":"mocked"}]
[debug] [2020-10-29T18:36:36.920Z] DEBUG: [runtime-status] [2831] Resolved module firebase-functions {"declared":true,"installed":true,"version":"3.9.1","resolution":"/Users/irithkatiyar/Desktop/just-for-java-server/functions/node_modules/firebase-functions/lib/index.js"}
[debug] [2020-10-29T18:36:37.008Z] DEBUG: [runtime-status] [2831] Checked functions.config() {"config":{}}
[debug] [2020-10-29T18:36:37.009Z] DEBUG: [runtime-status] [2831] firebase-functions has been stubbed. {"functionsResolution":{"declared":true,"installed":true,"version":"3.9.1","resolution":"/Users/irithkatiyar/Desktop/just-for-java-server/functions/node_modules/firebase-functions/lib/index.js"}}
[debug] [2020-10-29T18:36:37.009Z] DEBUG: [runtime-status] [2831] Resolved module firebase-functions {"declared":true,"installed":true,"version":"3.9.1","resolution":"/Users/irithkatiyar/Desktop/just-for-java-server/functions/node_modules/firebase-functions/lib/index.js"}
[debug] [2020-10-29T18:36:37.011Z] DEBUG: [runtime-status] [2831] Resolved module firebase-admin {"declared":true,"installed":true,"version":"8.13.0","resolution":"/Users/irithkatiyar/Desktop/just-for-java-server/functions/node_modules/firebase-admin/lib/index.js"}
[debug] [2020-10-29T18:36:37.011Z] DEBUG: [runtime-status] [2831] Resolved module firebase-functions {"declared":true,"installed":true,"version":"3.9.1","resolution":"/Users/irithkatiyar/Desktop/just-for-java-server/functions/node_modules/firebase-functions/lib/index.js"}
[debug] [2020-10-29T18:36:37.012Z] DEBUG: [runtime-status] [2831] firebase-admin has been stubbed. {"adminResolution":{"declared":true,"installed":true,"version":"8.13.0","resolution":"/Users/irithkatiyar/Desktop/just-for-java-server/functions/node_modules/firebase-admin/lib/index.js"}}
[debug] [2020-10-29T18:36:37.251Z] DEBUG: [runtime-status] [2831] initializeApp(DEFAULT) {"credential":{"implicit":false,"projectId":"just-for-java","privateKey":"-----BEGIN PRIVATE KEY-----\nMIIEvQIBADANBgkqhkiG9w0BAQEFAASCBKcwggSjAgEAAoIBAQC+Hxj9QQ/hklZi\nL/+zLOYrrj5H6BIJ42qGcm9+lmlXehIEBAmDlCxcWYgJHDnZ5bmf/LKz6LlpwL+N\nIWfowiJInNGIk3ZyKeRAwD83dVibsjouNw9kV6Hdg9CcUw24YbWnccN7eD6JJuZD\np6GKXi2AfizV4Wt88z4TMH6rFrldVRI4gJGBz/iWnGudnlVuf1zFB0zQ3Sh89Zuo\npQUy79iFXSbL4NH+ZZ54vc9nS9mFHEFn+IFmSsEnYjKepRlWnhy59aeektFlj4pf\nhm2WlEjZLKTX+wPNIqmZmwFDoaI0ZlKUHuV5gPN4qQo/3GBPkQ1M4YjooMhtA4zE\nT3fz/b8HAgMBAAECggEAKP7EoStL1Nx8ovxtmwGV+ho+1Lt+VEKE4EvBrd6aBWJN\niy8hrA0hyaIGmsxKzyjhb1WKZQ/MFzkYNMLcyIw/3z9tURFXC4Pr82hg2UEE48G5\nGOkHeSAKR50aOPMRtM3g4SO/PprthR5trW3yf8cR8bCDU3Uhe9ZpbrLYxWSHgM+t\nO65yW6KW3BlmlKXF/ksxb41wBPOqiZlU5XE/oC7tGidBu3BEcqgcam0vs4maO2R0\ni64pRiOmPrUoGVZ6OXsj3X21VoOYalSq/hcIr50An0j4+m+fNEusBTF0EP48f7Qd\nLTWa7h+fxBIFFvl7/GIJsY4QbV1H9GmwtGqEJEig/QKBgQDwIBMKNrn44P5Y1Fcf\nBmB75f/eyIPlMx7EP9TZ3xTXbaqAvxgbUNjjtrVRb7iU6tqZDnLZTVSWD9ZN5gwW\n6JGuZrOsbcei3P2Zt9lElIFffYKwH1pKn/jUhoy2/83SZCrUL6em1CmoKBcW4KID\nOl11KbwayK4jHJlGnZtSYcpUqwKBgQDKsL/PAuV598n0fwQedz5lM26D3SYWKrXD\nNKNCcbojMZQW+pGgUM5aEML0A1hJs8KBca87j89ikHzaGwABHgQ35QhEpSkA5teI\nv5/r+V//f8aJmwZy3xZswilJYNV/JVr4v4S/UQe7kHMPjQOCqnt8B4GaOnlrcxOd\nupqqivxnFQKBgQDIK3SzxvswpR5iHmCh1EcKAalSpgSNRBgZsLxXAsf07c58lNAb\ntUGYUe7EfEV6nmyruoey7evdTEZxmZvqXOVUZPjSfJE3CtG9Gq1bphBS8eXHu9sg\n6koboC4dPxDsmeO6Dh/LyoEPVJwqzgdAeZ7+1FOiYDgJvQVpAGlCO5LXEQKBgB3A\nnCcy8aRZrxdonZ4rOsl4JzzL9Y9DbbLdwyk5sG0CFg7ZcQ7rTZ8C3tsaspb/AAoo\nOeSwU2zQcMNDO1juowfhYrlQ1RgAypqUJlFpJaJHi0kfrG6oOI52YcEXqb8kKJpi\n4oWCy3PI3FroBB/mDoJCR8/vzWrsVXDNt25ZQHuRAoGAa3oPwRiLYZtteJHLoFRC\n6OwOhfzR9YJ0T6lAXl2qQ13wSnJM2ebmUeobKM+ESGNEcXWab+Pau/z4FIzS3mP1\nAR6MJtFCTXn4oKVECeIL/9MG26OmknzUfvoshKEi/b3cn9FGSQbfCfsBdvZ8Pz6Y\nj+s5BU3zqtbmwzYelavn0kw=\n-----END PRIVATE KEY-----\n","clientEmail":"firebase-adminsdk-nsx3l@just-for-java.iam.gserviceaccount.com","httpClient":{"retry":{"maxRetries":4,"statusCodes":[503],"ioErrorCodes":["ECONNRESET","ETIMEDOUT"],"backOffFactor":0.5,"maxDelayInMillis":60000}}},"databaseURL":"https://fir-api-9a206..firebaseio.com"}
[warn] ⚠  functions: The Cloud Firestore emulator is not running, so calls to Firestore will affect production. {"metadata":{"emulator":{"name":"functions"},"message":"The Cloud Firestore emulator is not running, so calls to Firestore will affect production."}}
[debug] [2020-10-29T18:36:37.846Z] [functions[app]] http function initialized (http://localhost:5000/just-for-java/us-central1/app).
[info] i  functions: Loaded functions: app 
[warn] ⚠  functions: The following emulators are not running, calls to these services will affect production: firestore, database, pubsub 
[debug] [2020-10-29T18:36:37.871Z] DEBUG: [worker-~diagnostic~-bdc742fb-7543-4b6f-aacc-cdc3278f6e53]: IDLE
[debug] [2020-11-07T18:49:57.159Z] ----------------------------------------------------------------------
[debug] [2020-11-07T18:49:57.161Z] Command:       /usr/local/bin/node /usr/local/bin/firebase functions:shell
[debug] [2020-11-07T18:49:57.162Z] CLI Version:   8.7.0
[debug] [2020-11-07T18:49:57.162Z] Platform:      darwin
[debug] [2020-11-07T18:49:57.162Z] Node Version:  v12.18.2
[debug] [2020-11-07T18:49:57.167Z] Time:          Sat Nov 07 2020 10:49:57 GMT-0800 (Pacific Standard Time)
[debug] [2020-11-07T18:49:57.167Z] ----------------------------------------------------------------------
[debug] [2020-11-07T18:49:57.167Z] 
[debug] [2020-11-07T18:49:57.180Z] > command requires scopes: ["email","openid","https://www.googleapis.com/auth/cloudplatformprojects.readonly","https://www.googleapis.com/auth/firebase","https://www.googleapis.com/auth/cloud-platform"]
[debug] [2020-11-07T18:49:57.181Z] > authorizing via signed-in user
[debug] [2020-11-07T18:49:57.181Z] [iam] checking project just-for-java for permissions ["firebase.projects.get"]
[debug] [2020-11-07T18:49:57.183Z] > refreshing access token with scopes: ["email","https://www.googleapis.com/auth/cloud-platform","https://www.googleapis.com/auth/cloudplatformprojects.readonly","https://www.googleapis.com/auth/firebase","openid"]
[debug] [2020-11-07T18:49:57.183Z] >>> HTTP REQUEST POST https://www.googleapis.com/oauth2/v3/token  
 <request body omitted>
[debug] [2020-11-07T18:49:57.382Z] <<< HTTP RESPONSE 200 {"cache-control":"no-cache, no-store, max-age=0, must-revalidate","expires":"Mon, 01 Jan 1990 00:00:00 GMT","pragma":"no-cache","date":"Sat, 07 Nov 2020 18:49:57 GMT","content-type":"application/json; charset=utf-8","vary":"X-Origin, Referer, Origin,Accept-Encoding","server":"scaffolding on HTTPServer2","x-xss-protection":"0","x-frame-options":"SAMEORIGIN","x-content-type-options":"nosniff","alt-svc":"h3-Q050=\":443\"; ma=2592000,h3-29=\":443\"; ma=2592000,h3-T051=\":443\"; ma=2592000,h3-T050=\":443\"; ma=2592000,h3-Q046=\":443\"; ma=2592000,h3-Q043=\":443\"; ma=2592000,quic=\":443\"; ma=2592000; v=\"46,43\"","accept-ranges":"none","transfer-encoding":"chunked"}
[debug] [2020-11-07T18:49:57.397Z] >>> HTTP REQUEST POST https://cloudresourcemanager.googleapis.com/v1/projects/just-for-java:testIamPermissions  
 {"permissions":["firebase.projects.get"]}
[debug] [2020-11-07T18:49:57.592Z] <<< HTTP RESPONSE 200 {"content-type":"application/json; charset=UTF-8","vary":"X-Origin, Referer, Origin,Accept-Encoding","date":"Sat, 07 Nov 2020 18:49:57 GMT","server":"ESF","cache-control":"private","x-xss-protection":"0","x-frame-options":"SAMEORIGIN","x-content-type-options":"nosniff","server-timing":"gfet4t7; dur=57","alt-svc":"h3-Q050=\":443\"; ma=2592000,h3-29=\":443\"; ma=2592000,h3-T051=\":443\"; ma=2592000,h3-T050=\":443\"; ma=2592000,h3-Q046=\":443\"; ma=2592000,h3-Q043=\":443\"; ma=2592000,quic=\":443\"; ma=2592000; v=\"46,43\"","accept-ranges":"none","transfer-encoding":"chunked"}
[warn] ⚠  Your requested "node" version "10" doesn't match your global version "12" {"metadata":{"emulator":{"name":"functions"},"message":"Your requested \"node\" version \"10\" doesn't match your global version \"12\""}}
[debug] [2020-11-07T18:49:57.610Z] [functions] Watching "/Users/irithkatiyar/Desktop/just-for-java-server/functions" for Cloud Functions...
[debug] [2020-11-07T18:49:57.618Z] DEBUG: [worker-pool] addWorker(~diagnostic~)
[debug] [2020-11-07T18:49:57.619Z] DEBUG: [worker-pool] Adding worker with key ~diagnostic~, total=1
[debug] [2020-11-07T18:49:57.619Z] DEBUG: [worker-pool] submitWork(triggerId=)
[debug] [2020-11-07T18:49:57.619Z] DEBUG: [worker-~diagnostic~-5aeb604d-1291-412f-a5be-88fc3c6b54bf]: Assigning socketPath: /var/folders/3d/5l7bvpys31zchlcdzwxq0b2w0000gn/T/fire_emu_1160.sock
[debug] [2020-11-07T18:49:57.619Z] DEBUG: [worker-~diagnostic~-5aeb604d-1291-412f-a5be-88fc3c6b54bf]: BUSY
[debug] [2020-11-07T18:49:57.941Z] DEBUG: [runtime-status] [1160] Functions runtime initialized. {"cwd":"/Users/irithkatiyar/Desktop/just-for-java-server/functions","node_version":"12.18.2"}
[debug] [2020-11-07T18:49:57.941Z] DEBUG: [runtime-status] [1160] Disabled runtime features: undefined
[debug] [2020-11-07T18:49:57.946Z] DEBUG: [runtime-status] [1160] Resolved module firebase-admin {"declared":true,"installed":true,"version":"8.13.0","resolution":"/Users/irithkatiyar/Desktop/just-for-java-server/functions/node_modules/firebase-admin/lib/index.js"}
[debug] [2020-11-07T18:49:57.947Z] DEBUG: [runtime-status] [1160] Resolved module firebase-functions {"declared":true,"installed":true,"version":"3.9.1","resolution":"/Users/irithkatiyar/Desktop/just-for-java-server/functions/node_modules/firebase-functions/lib/index.js"}
[debug] [2020-11-07T18:49:57.948Z] DEBUG: [runtime-status] [1160] Resolved module firebase-functions {"declared":true,"installed":true,"version":"3.9.1","resolution":"/Users/irithkatiyar/Desktop/just-for-java-server/functions/node_modules/firebase-functions/lib/index.js"}
[debug] [2020-11-07T18:49:57.950Z] DEBUG: [runtime-status] [1160] Outgoing network have been stubbed. [{"name":"http","status":"mocked"},{"name":"http","status":"mocked"},{"name":"https","status":"mocked"},{"name":"https","status":"mocked"},{"name":"net","status":"mocked"}]
[debug] [2020-11-07T18:49:57.951Z] DEBUG: [runtime-status] [1160] Resolved module firebase-functions {"declared":true,"installed":true,"version":"3.9.1","resolution":"/Users/irithkatiyar/Desktop/just-for-java-server/functions/node_modules/firebase-functions/lib/index.js"}
[debug] [2020-11-07T18:49:58.031Z] DEBUG: [runtime-status] [1160] Checked functions.config() {"config":{}}
[debug] [2020-11-07T18:49:58.031Z] DEBUG: [runtime-status] [1160] firebase-functions has been stubbed. {"functionsResolution":{"declared":true,"installed":true,"version":"3.9.1","resolution":"/Users/irithkatiyar/Desktop/just-for-java-server/functions/node_modules/firebase-functions/lib/index.js"}}
[debug] [2020-11-07T18:49:58.031Z] DEBUG: [runtime-status] [1160] Resolved module firebase-functions {"declared":true,"installed":true,"version":"3.9.1","resolution":"/Users/irithkatiyar/Desktop/just-for-java-server/functions/node_modules/firebase-functions/lib/index.js"}
[debug] [2020-11-07T18:49:58.032Z] DEBUG: [runtime-status] [1160] Resolved module firebase-admin {"declared":true,"installed":true,"version":"8.13.0","resolution":"/Users/irithkatiyar/Desktop/just-for-java-server/functions/node_modules/firebase-admin/lib/index.js"}
[debug] [2020-11-07T18:49:58.033Z] DEBUG: [runtime-status] [1160] Resolved module firebase-functions {"declared":true,"installed":true,"version":"3.9.1","resolution":"/Users/irithkatiyar/Desktop/just-for-java-server/functions/node_modules/firebase-functions/lib/index.js"}
[debug] [2020-11-07T18:49:58.033Z] DEBUG: [runtime-status] [1160] firebase-admin has been stubbed. {"adminResolution":{"declared":true,"installed":true,"version":"8.13.0","resolution":"/Users/irithkatiyar/Desktop/just-for-java-server/functions/node_modules/firebase-admin/lib/index.js"}}
[debug] [2020-11-07T18:49:58.387Z] DEBUG: [runtime-status] [1160] initializeApp(DEFAULT) {"credential":{"implicit":false,"projectId":"just-for-java","privateKey":"-----BEGIN PRIVATE KEY-----\nMIIEvQIBADANBgkqhkiG9w0BAQEFAASCBKcwggSjAgEAAoIBAQC+Hxj9QQ/hklZi\nL/+zLOYrrj5H6BIJ42qGcm9+lmlXehIEBAmDlCxcWYgJHDnZ5bmf/LKz6LlpwL+N\nIWfowiJInNGIk3ZyKeRAwD83dVibsjouNw9kV6Hdg9CcUw24YbWnccN7eD6JJuZD\np6GKXi2AfizV4Wt88z4TMH6rFrldVRI4gJGBz/iWnGudnlVuf1zFB0zQ3Sh89Zuo\npQUy79iFXSbL4NH+ZZ54vc9nS9mFHEFn+IFmSsEnYjKepRlWnhy59aeektFlj4pf\nhm2WlEjZLKTX+wPNIqmZmwFDoaI0ZlKUHuV5gPN4qQo/3GBPkQ1M4YjooMhtA4zE\nT3fz/b8HAgMBAAECggEAKP7EoStL1Nx8ovxtmwGV+ho+1Lt+VEKE4EvBrd6aBWJN\niy8hrA0hyaIGmsxKzyjhb1WKZQ/MFzkYNMLcyIw/3z9tURFXC4Pr82hg2UEE48G5\nGOkHeSAKR50aOPMRtM3g4SO/PprthR5trW3yf8cR8bCDU3Uhe9ZpbrLYxWSHgM+t\nO65yW6KW3BlmlKXF/ksxb41wBPOqiZlU5XE/oC7tGidBu3BEcqgcam0vs4maO2R0\ni64pRiOmPrUoGVZ6OXsj3X21VoOYalSq/hcIr50An0j4+m+fNEusBTF0EP48f7Qd\nLTWa7h+fxBIFFvl7/GIJsY4QbV1H9GmwtGqEJEig/QKBgQDwIBMKNrn44P5Y1Fcf\nBmB75f/eyIPlMx7EP9TZ3xTXbaqAvxgbUNjjtrVRb7iU6tqZDnLZTVSWD9ZN5gwW\n6JGuZrOsbcei3P2Zt9lElIFffYKwH1pKn/jUhoy2/83SZCrUL6em1CmoKBcW4KID\nOl11KbwayK4jHJlGnZtSYcpUqwKBgQDKsL/PAuV598n0fwQedz5lM26D3SYWKrXD\nNKNCcbojMZQW+pGgUM5aEML0A1hJs8KBca87j89ikHzaGwABHgQ35QhEpSkA5teI\nv5/r+V//f8aJmwZy3xZswilJYNV/JVr4v4S/UQe7kHMPjQOCqnt8B4GaOnlrcxOd\nupqqivxnFQKBgQDIK3SzxvswpR5iHmCh1EcKAalSpgSNRBgZsLxXAsf07c58lNAb\ntUGYUe7EfEV6nmyruoey7evdTEZxmZvqXOVUZPjSfJE3CtG9Gq1bphBS8eXHu9sg\n6koboC4dPxDsmeO6Dh/LyoEPVJwqzgdAeZ7+1FOiYDgJvQVpAGlCO5LXEQKBgB3A\nnCcy8aRZrxdonZ4rOsl4JzzL9Y9DbbLdwyk5sG0CFg7ZcQ7rTZ8C3tsaspb/AAoo\nOeSwU2zQcMNDO1juowfhYrlQ1RgAypqUJlFpJaJHi0kfrG6oOI52YcEXqb8kKJpi\n4oWCy3PI3FroBB/mDoJCR8/vzWrsVXDNt25ZQHuRAoGAa3oPwRiLYZtteJHLoFRC\n6OwOhfzR9YJ0T6lAXl2qQ13wSnJM2ebmUeobKM+ESGNEcXWab+Pau/z4FIzS3mP1\nAR6MJtFCTXn4oKVECeIL/9MG26OmknzUfvoshKEi/b3cn9FGSQbfCfsBdvZ8Pz6Y\nj+s5BU3zqtbmwzYelavn0kw=\n-----END PRIVATE KEY-----\n","clientEmail":"firebase-adminsdk-nsx3l@just-for-java.iam.gserviceaccount.com","httpClient":{"retry":{"maxRetries":4,"statusCodes":[503],"ioErrorCodes":["ECONNRESET","ETIMEDOUT"],"backOffFactor":0.5,"maxDelayInMillis":60000}}},"databaseURL":"https://fir-api-9a206..firebaseio.com"}
[warn] ⚠  functions: The Cloud Firestore emulator is not running, so calls to Firestore will affect production. {"metadata":{"emulator":{"name":"functions"},"message":"The Cloud Firestore emulator is not running, so calls to Firestore will affect production."}}
[debug] [2020-11-07T18:49:58.996Z] DEBUG: [worker-~diagnostic~-5aeb604d-1291-412f-a5be-88fc3c6b54bf]: IDLE
[debug] [2020-11-07T18:49:58.997Z] [functions[app]] http function initialized (http://localhost:5000/just-for-java/us-central1/app).
[info] i  functions: Loaded functions: app 
[warn] ⚠  functions: The following emulators are not running, calls to these services will affect production: firestore, database, pubsub 
